[09:44:21] [main/INFO]: Setting user: Player28
[09:44:22] [Client thread/INFO]: LWJGL Version: 2.9.0
[09:44:22] [Client thread/ERROR]: Couldn't set icon
javax.imageio.IIOException: Can't read input file!
	at javax.imageio.ImageIO.read(Unknown Source) ~[?:1.7.0_65]
	at net.minecraft.client.Minecraft.readImage(Minecraft.java:641) ~[Minecraft.class:?]
	at net.minecraft.client.Minecraft.startGame(Minecraft.java:470) [Minecraft.class:?]
	at net.minecraft.client.Minecraft.run(Minecraft.java:892) [Minecraft.class:?]
	at net.minecraft.client.main.Main.main(Main.java:112) [Main.class:?]
	at sun.reflect.NativeMethodAccessorImpl.invoke0(Native Method) ~[?:1.7.0_65]
	at sun.reflect.NativeMethodAccessorImpl.invoke(Unknown Source) ~[?:1.7.0_65]
	at sun.reflect.DelegatingMethodAccessorImpl.invoke(Unknown Source) ~[?:1.7.0_65]
	at java.lang.reflect.Method.invoke(Unknown Source) ~[?:1.7.0_65]
	at net.minecraft.launchwrapper.Launch.launch(Launch.java:134) [launchwrapper-1.9.jar:?]
	at net.minecraft.launchwrapper.Launch.main(Launch.java:28) [launchwrapper-1.9.jar:?]
[09:44:25] [Client thread/INFO]: Reloading ResourceManager: Default, FMLFileResourcePack:Forge Mod Loader, FMLFileResourcePack:Minecraft Forge, FMLFileResourcePack:Learning To Mod
[09:44:25] [Client thread/WARN]: ResourcePack: ignored non-lowercase namespace: %s in %s
[09:44:26] [Sound Library Loader/INFO]: Sound engine started
[09:44:26] [Client thread/INFO]: Created: 512x256 textures/blocks-atlas
[09:44:26] [Client thread/INFO]: Created: 256x256 textures/items-atlas
[09:44:27] [Client thread/INFO]: Reloading ResourceManager: Default, FMLFileResourcePack:Forge Mod Loader, FMLFileResourcePack:Minecraft Forge, FMLFileResourcePack:Learning To Mod
[09:44:27] [Client thread/WARN]: ResourcePack: ignored non-lowercase namespace: %s in %s
[09:44:27] [Client thread/INFO]: Created: 256x256 textures/items-atlas
[09:44:27] [Client thread/INFO]: Created: 512x256 textures/blocks-atlas
[09:44:28] [Sound Library Loader/INFO]: Sound engine started
[09:44:28] [MCO Availability Checker #1/ERROR]: Couldn't connect to Realms
[09:44:33] [Client thread/WARN]: Unable to play unknown soundEvent: minecraft:music.menu
[09:44:58] [Client thread/WARN]: Unable to play unknown soundEvent: minecraft:music.menu
[09:45:24] [Client thread/WARN]: Unable to play unknown soundEvent: minecraft:music.menu
[09:45:26] [Client thread/WARN]: Unable to play unknown soundEvent: minecraft:music.menu
[09:45:42] [Client thread/WARN]: Unable to play unknown soundEvent: minecraft:music.menu
[09:46:00] [Client thread/WARN]: Unable to play unknown soundEvent: minecraft:music.menu
[09:46:21] [Client thread/WARN]: Unable to play unknown soundEvent: minecraft:music.menu
[09:46:51] [Client thread/WARN]: Unable to play unknown soundEvent: minecraft:music.menu
[09:47:16] [Client thread/WARN]: Unable to play unknown soundEvent: minecraft:music.menu
[09:47:18] [Client thread/WARN]: Unable to play unknown soundEvent: minecraft:music.menu
[09:47:29] [Client thread/WARN]: Unable to play unknown soundEvent: minecraft:music.menu
[09:47:30] [Client thread/WARN]: Unable to play unknown soundEvent: minecraft:music.menu
[09:48:00] [Client thread/WARN]: Unable to play unknown soundEvent: minecraft:music.menu
